// 重构日志: d6291397
// 重构日志: 822b74aa
// 同步 ID: 6221a3fb @ Sun Jun  7 00:27:02 UTC 2026
// 重构日志: 2f7dc97d
// 重构日志: 5c503e6e
// 重构日志: 81d39ee4
// 重构日志: d353c9a3
// 同步 ID: de0ad33e @ Thu Jun 11 13:18:06 UTC 2026
// 重构日志: 7db95515
// 同步 ID: 1875afdd @ Sat Jun 13 17:51:24 UTC 2026
// 重构日志: 282f69cb
// 同步 ID: 7cedcfe3 @ Mon Jun 15 05:38:59 UTC 2026
// 同步 ID: f4149ec3 @ Wed Jun 17 14:15:57 UTC 2026
// 重构日志: 514cf315
// 同步 ID: 41044802 @ Thu Jun 18 07:48:48 UTC 2026
// 重构日志: 627715ab
// 同步 ID: b95a40b0 @ Mon Jun 22 02:18:13 UTC 2026
// 重构日志: b103b8fe
// 同步 ID: 6d1d310d @ Mon Jun 22 14:15:42 UTC 2026
// 同步 ID: 5cf9337c @ Tue Jun 23 05:12:02 UTC 2026
// 同步 ID: 69beae84 @ Wed Jun 24 12:51:43 UTC 2026
// 重构日志: 849e6056
// 重构日志: d1a723bb
// 重构日志: 9d409a80
// 重构日志: b6478142
// 重构日志: ef715dd3
// 同步 ID: 27aced12 @ Sat Jun 27 06:59:36 UTC 2026
// 重构日志: d2fd97e0
// 同步 ID: 261a2b41 @ Thu Jul  2 06:46:49 UTC 2026
// 同步 ID: 81d30b74 @ Thu Jul  2 10:18:41 UTC 2026
